🗑️ Deleting old...
📥 Fetching news...
📤 Uploading 3 items...
✅ Uploaded with analysis
✅ Done!
🗑️ Deleting old...
📥 Fetching news...
📤 Uploading 3 items...
✅ Uploaded with analysis
✅ Done!
🗑️ Deleting old...
📥 Fetching news...
📤 Uploading 3 items...
✅ Uploaded with analysis
✅ Done!
🗑️ Deleting old...
📥 Fetching news...
📤 Uploading 3 items...
✅ Uploaded with analysis
✅ Done!
🗑️ Deleting old...
📥 Fetching news...
📤 Uploading 3 items...
✅ Uploaded with analysis
✅ Done!
🗑️ Deleting old...
📥 Fetching news...
📤 Uploading 3 items...
✅ Uploaded with analysis
✅ Done!
