Traceback (most recent call last):
  File "/home/bro/.openclaw/workspace-cheer/evoclaw/cron_runner.py", line 1581, in <module>
    run_full_pipeline()
    ^^^^^^^^^^^^^^^^^
NameError: name 'run_full_pipeline' is not defined
Traceback (most recent call last):
  File "/home/bro/.openclaw/workspace-cheer/evoclaw/cron_runner.py", line 1581, in <module>
    run_full_pipeline()
    ^^^^^^^^^^^^^^^^^
NameError: name 'run_full_pipeline' is not defined
Traceback (most recent call last):
  File "/home/bro/.openclaw/workspace-cheer/evoclaw/cron_runner.py", line 1581, in <module>
    run_full_pipeline()
    ^^^^^^^^^^^^^^^^^
NameError: name 'run_full_pipeline' is not defined
Traceback (most recent call last):
  File "/home/bro/.openclaw/workspace-cheer/evoclaw/cron_runner.py", line 1581, in <module>
    run_full_pipeline()
    ^^^^^^^^^^^^^^^^^
NameError: name 'run_full_pipeline' is not defined
Traceback (most recent call last):
  File "/home/bro/.openclaw/workspace-cheer/evoclaw/cron_runner.py", line 1581, in <module>
    run_full_pipeline()
    ^^^^^^^^^^^^^^^^^
NameError: name 'run_full_pipeline' is not defined
Traceback (most recent call last):
  File "/home/bro/.openclaw/workspace-cheer/evoclaw/cron_runner.py", line 1581, in <module>
    run_full_pipeline()
    ^^^^^^^^^^^^^^^^^
NameError: name 'run_full_pipeline' is not defined
Traceback (most recent call last):
  File "/home/bro/.openclaw/workspace-cheer/evoclaw/cron_runner.py", line 1581, in <module>
    run_full_pipeline()
    ^^^^^^^^^^^^^^^^^
NameError: name 'run_full_pipeline' is not defined
Traceback (most recent call last):
  File "/home/bro/.openclaw/workspace-cheer/evoclaw/cron_runner.py", line 1581, in <module>
    run_full_pipeline()
    ^^^^^^^^^^^^^^^^^
NameError: name 'run_full_pipeline' is not defined
Traceback (most recent call last):
  File "/home/bro/.openclaw/workspace-cheer/evoclaw/cron_runner.py", line 1581, in <module>
    run_full_pipeline()
    ^^^^^^^^^^^^^^^^^
NameError: name 'run_full_pipeline' is not defined
Traceback (most recent call last):
  File "/home/bro/.openclaw/workspace-cheer/evoclaw/cron_runner.py", line 1581, in <module>
    run_full_pipeline()
    ^^^^^^^^^^^^^^^^^
NameError: name 'run_full_pipeline' is not defined
Traceback (most recent call last):
  File "/home/bro/.openclaw/workspace-cheer/evoclaw/cron_runner.py", line 1581, in <module>
    run_full_pipeline()
    ^^^^^^^^^^^^^^^^^
NameError: name 'run_full_pipeline' is not defined
Traceback (most recent call last):
  File "/home/bro/.openclaw/workspace-cheer/evoclaw/cron_runner.py", line 1581, in <module>
    run_full_pipeline()
    ^^^^^^^^^^^^^^^^^
NameError: name 'run_full_pipeline' is not defined
Traceback (most recent call last):
  File "/home/bro/.openclaw/workspace-cheer/evoclaw/cron_runner.py", line 1581, in <module>
    run_full_pipeline()
    ^^^^^^^^^^^^^^^^^
NameError: name 'run_full_pipeline' is not defined
Traceback (most recent call last):
  File "/home/bro/.openclaw/workspace-cheer/evoclaw/cron_runner.py", line 1581, in <module>
    run_full_pipeline()
    ^^^^^^^^^^^^^^^^^
NameError: name 'run_full_pipeline' is not defined
Traceback (most recent call last):
  File "/home/bro/.openclaw/workspace-cheer/evoclaw/cron_runner.py", line 1581, in <module>
    run_full_pipeline()
    ^^^^^^^^^^^^^^^^^
NameError: name 'run_full_pipeline' is not defined
Traceback (most recent call last):
  File "/home/bro/.openclaw/workspace-cheer/evoclaw/cron_runner.py", line 1581, in <module>
    run_full_pipeline()
    ^^^^^^^^^^^^^^^^^
NameError: name 'run_full_pipeline' is not defined
Traceback (most recent call last):
  File "/home/bro/.openclaw/workspace-cheer/evoclaw/cron_runner.py", line 1581, in <module>
    run_full_pipeline()
    ^^^^^^^^^^^^^^^^^
NameError: name 'run_full_pipeline' is not defined
Traceback (most recent call last):
  File "/home/bro/.openclaw/workspace-cheer/evoclaw/cron_runner.py", line 1581, in <module>
    run_full_pipeline()
    ^^^^^^^^^^^^^^^^^
NameError: name 'run_full_pipeline' is not defined
Traceback (most recent call last):
  File "/home/bro/.openclaw/workspace-cheer/evoclaw/cron_runner.py", line 1581, in <module>
    run_full_pipeline()
    ^^^^^^^^^^^^^^^^^
NameError: name 'run_full_pipeline' is not defined
Traceback (most recent call last):
  File "/home/bro/.openclaw/workspace-cheer/evoclaw/cron_runner.py", line 1581, in <module>
    run_full_pipeline()
    ^^^^^^^^^^^^^^^^^
NameError: name 'run_full_pipeline' is not defined
Traceback (most recent call last):
  File "/home/bro/.openclaw/workspace-cheer/evoclaw/cron_runner.py", line 1581, in <module>
    run_full_pipeline()
    ^^^^^^^^^^^^^^^^^
NameError: name 'run_full_pipeline' is not defined
Traceback (most recent call last):
  File "/home/bro/.openclaw/workspace-cheer/evoclaw/cron_runner.py", line 1581, in <module>
    run_full_pipeline()
    ^^^^^^^^^^^^^^^^^
NameError: name 'run_full_pipeline' is not defined
Traceback (most recent call last):
  File "/home/bro/.openclaw/workspace-cheer/evoclaw/cron_runner.py", line 1581, in <module>
    run_full_pipeline()
    ^^^^^^^^^^^^^^^^^
NameError: name 'run_full_pipeline' is not defined
Traceback (most recent call last):
  File "/home/bro/.openclaw/workspace-cheer/evoclaw/cron_runner.py", line 1581, in <module>
    run_full_pipeline()
    ^^^^^^^^^^^^^^^^^
NameError: name 'run_full_pipeline' is not defined
Traceback (most recent call last):
  File "/home/bro/.openclaw/workspace-cheer/evoclaw/cron_runner.py", line 1581, in <module>
    run_full_pipeline()
    ^^^^^^^^^^^^^^^^^
NameError: name 'run_full_pipeline' is not defined
Traceback (most recent call last):
  File "/home/bro/.openclaw/workspace-cheer/evoclaw/cron_runner.py", line 1581, in <module>
    run_full_pipeline()
    ^^^^^^^^^^^^^^^^^
NameError: name 'run_full_pipeline' is not defined
Traceback (most recent call last):
  File "/home/bro/.openclaw/workspace-cheer/evoclaw/cron_runner.py", line 1581, in <module>
    run_full_pipeline()
    ^^^^^^^^^^^^^^^^^
NameError: name 'run_full_pipeline' is not defined
Traceback (most recent call last):
  File "/home/bro/.openclaw/workspace-cheer/evoclaw/cron_runner.py", line 1581, in <module>
    run_full_pipeline()
    ^^^^^^^^^^^^^^^^^
NameError: name 'run_full_pipeline' is not defined
Traceback (most recent call last):
  File "/home/bro/.openclaw/workspace-cheer/evoclaw/cron_runner.py", line 1581, in <module>
    run_full_pipeline()
    ^^^^^^^^^^^^^^^^^
NameError: name 'run_full_pipeline' is not defined
Traceback (most recent call last):
  File "/home/bro/.openclaw/workspace-cheer/evoclaw/cron_runner.py", line 1581, in <module>
    run_full_pipeline()
    ^^^^^^^^^^^^^^^^^
NameError: name 'run_full_pipeline' is not defined
Traceback (most recent call last):
  File "/home/bro/.openclaw/workspace-cheer/evoclaw/cron_runner.py", line 1581, in <module>
    run_full_pipeline()
    ^^^^^^^^^^^^^^^^^
NameError: name 'run_full_pipeline' is not defined
Traceback (most recent call last):
  File "/home/bro/.openclaw/workspace-cheer/evoclaw/cron_runner.py", line 1581, in <module>
    run_full_pipeline()
    ^^^^^^^^^^^^^^^^^
NameError: name 'run_full_pipeline' is not defined
Traceback (most recent call last):
  File "/home/bro/.openclaw/workspace-cheer/evoclaw/cron_runner.py", line 1581, in <module>
    run_full_pipeline()
    ^^^^^^^^^^^^^^^^^
NameError: name 'run_full_pipeline' is not defined
Traceback (most recent call last):
  File "/home/bro/.openclaw/workspace-cheer/evoclaw/cron_runner.py", line 1581, in <module>
    run_full_pipeline()
    ^^^^^^^^^^^^^^^^^
NameError: name 'run_full_pipeline' is not defined
Traceback (most recent call last):
  File "/home/bro/.openclaw/workspace-cheer/evoclaw/cron_runner.py", line 1581, in <module>
    run_full_pipeline()
    ^^^^^^^^^^^^^^^^^
NameError: name 'run_full_pipeline' is not defined
Traceback (most recent call last):
  File "/home/bro/.openclaw/workspace-cheer/evoclaw/cron_runner.py", line 1581, in <module>
    run_full_pipeline()
    ^^^^^^^^^^^^^^^^^
NameError: name 'run_full_pipeline' is not defined
Traceback (most recent call last):
  File "/home/bro/.openclaw/workspace-cheer/evoclaw/cron_runner.py", line 1581, in <module>
    run_full_pipeline()
    ^^^^^^^^^^^^^^^^^
NameError: name 'run_full_pipeline' is not defined
Traceback (most recent call last):
  File "/home/bro/.openclaw/workspace-cheer/evoclaw/cron_runner.py", line 1581, in <module>
    run_full_pipeline()
    ^^^^^^^^^^^^^^^^^
NameError: name 'run_full_pipeline' is not defined
Traceback (most recent call last):
  File "/home/bro/.openclaw/workspace-cheer/evoclaw/cron_runner.py", line 1581, in <module>
    run_full_pipeline()
    ^^^^^^^^^^^^^^^^^
NameError: name 'run_full_pipeline' is not defined
Traceback (most recent call last):
  File "/home/bro/.openclaw/workspace-cheer/evoclaw/cron_runner.py", line 1581, in <module>
    run_full_pipeline()
    ^^^^^^^^^^^^^^^^^
NameError: name 'run_full_pipeline' is not defined
Traceback (most recent call last):
  File "/home/bro/.openclaw/workspace-cheer/evoclaw/cron_runner.py", line 1581, in <module>
    run_full_pipeline()
    ^^^^^^^^^^^^^^^^^
NameError: name 'run_full_pipeline' is not defined
Traceback (most recent call last):
  File "/home/bro/.openclaw/workspace-cheer/evoclaw/cron_runner.py", line 1581, in <module>
    run_full_pipeline()
    ^^^^^^^^^^^^^^^^^
NameError: name 'run_full_pipeline' is not defined
Traceback (most recent call last):
  File "/home/bro/.openclaw/workspace-cheer/evoclaw/cron_runner.py", line 1581, in <module>
    run_full_pipeline()
    ^^^^^^^^^^^^^^^^^
NameError: name 'run_full_pipeline' is not defined
Traceback (most recent call last):
  File "/home/bro/.openclaw/workspace-cheer/evoclaw/cron_runner.py", line 1581, in <module>
    run_full_pipeline()
    ^^^^^^^^^^^^^^^^^
NameError: name 'run_full_pipeline' is not defined
Traceback (most recent call last):
  File "/home/bro/.openclaw/workspace-cheer/evoclaw/cron_runner.py", line 1581, in <module>
    run_full_pipeline()
    ^^^^^^^^^^^^^^^^^
NameError: name 'run_full_pipeline' is not defined
Traceback (most recent call last):
  File "/home/bro/.openclaw/workspace-cheer/evoclaw/cron_runner.py", line 1581, in <module>
    run_full_pipeline()
    ^^^^^^^^^^^^^^^^^
NameError: name 'run_full_pipeline' is not defined
Traceback (most recent call last):
  File "/home/bro/.openclaw/workspace-cheer/evoclaw/cron_runner.py", line 1581, in <module>
    run_full_pipeline()
    ^^^^^^^^^^^^^^^^^
NameError: name 'run_full_pipeline' is not defined
Traceback (most recent call last):
  File "/home/bro/.openclaw/workspace-cheer/evoclaw/cron_runner.py", line 1581, in <module>
    run_full_pipeline()
    ^^^^^^^^^^^^^^^^^
NameError: name 'run_full_pipeline' is not defined
Traceback (most recent call last):
  File "/home/bro/.openclaw/workspace-cheer/evoclaw/cron_runner.py", line 1581, in <module>
    run_full_pipeline()
    ^^^^^^^^^^^^^^^^^
NameError: name 'run_full_pipeline' is not defined
Traceback (most recent call last):
  File "/home/bro/.openclaw/workspace-cheer/evoclaw/cron_runner.py", line 1581, in <module>
    run_full_pipeline()
    ^^^^^^^^^^^^^^^^^
NameError: name 'run_full_pipeline' is not defined
Traceback (most recent call last):
  File "/home/bro/.openclaw/workspace-cheer/evoclaw/cron_runner.py", line 1581, in <module>
    run_full_pipeline()
    ^^^^^^^^^^^^^^^^^
NameError: name 'run_full_pipeline' is not defined
Traceback (most recent call last):
  File "/home/bro/.openclaw/workspace-cheer/evoclaw/cron_runner.py", line 1581, in <module>
    run_full_pipeline()
    ^^^^^^^^^^^^^^^^^
NameError: name 'run_full_pipeline' is not defined
Traceback (most recent call last):
  File "/home/bro/.openclaw/workspace-cheer/evoclaw/cron_runner.py", line 1581, in <module>
    run_full_pipeline()
    ^^^^^^^^^^^^^^^^^
NameError: name 'run_full_pipeline' is not defined
Traceback (most recent call last):
  File "/home/bro/.openclaw/workspace-cheer/evoclaw/cron_runner.py", line 1581, in <module>
    run_full_pipeline()
    ^^^^^^^^^^^^^^^^^
NameError: name 'run_full_pipeline' is not defined
Traceback (most recent call last):
  File "/home/bro/.openclaw/workspace-cheer/evoclaw/cron_runner.py", line 1581, in <module>
    run_full_pipeline()
    ^^^^^^^^^^^^^^^^^
NameError: name 'run_full_pipeline' is not defined
Traceback (most recent call last):
  File "/home/bro/.openclaw/workspace-cheer/evoclaw/cron_runner.py", line 1581, in <module>
    run_full_pipeline()
    ^^^^^^^^^^^^^^^^^
NameError: name 'run_full_pipeline' is not defined
Traceback (most recent call last):
  File "/home/bro/.openclaw/workspace-cheer/evoclaw/cron_runner.py", line 1581, in <module>
    run_full_pipeline()
    ^^^^^^^^^^^^^^^^^
NameError: name 'run_full_pipeline' is not defined
Traceback (most recent call last):
  File "/home/bro/.openclaw/workspace-cheer/evoclaw/cron_runner.py", line 1581, in <module>
    run_full_pipeline()
    ^^^^^^^^^^^^^^^^^
NameError: name 'run_full_pipeline' is not defined
Traceback (most recent call last):
  File "/home/bro/.openclaw/workspace-cheer/evoclaw/cron_runner.py", line 1581, in <module>
    run_full_pipeline()
    ^^^^^^^^^^^^^^^^^
NameError: name 'run_full_pipeline' is not defined
Traceback (most recent call last):
  File "/home/bro/.openclaw/workspace-cheer/evoclaw/cron_runner.py", line 1581, in <module>
    run_full_pipeline()
    ^^^^^^^^^^^^^^^^^
NameError: name 'run_full_pipeline' is not defined
Traceback (most recent call last):
  File "/home/bro/.openclaw/workspace-cheer/evoclaw/cron_runner.py", line 1581, in <module>
    run_full_pipeline()
    ^^^^^^^^^^^^^^^^^
NameError: name 'run_full_pipeline' is not defined
Traceback (most recent call last):
  File "/home/bro/.openclaw/workspace-cheer/evoclaw/cron_runner.py", line 1581, in <module>
    run_full_pipeline()
    ^^^^^^^^^^^^^^^^^
NameError: name 'run_full_pipeline' is not defined
Traceback (most recent call last):
  File "/home/bro/.openclaw/workspace-cheer/evoclaw/cron_runner.py", line 1581, in <module>
    run_full_pipeline()
    ^^^^^^^^^^^^^^^^^
NameError: name 'run_full_pipeline' is not defined
Traceback (most recent call last):
  File "/home/bro/.openclaw/workspace-cheer/evoclaw/cron_runner.py", line 1581, in <module>
    run_full_pipeline()
    ^^^^^^^^^^^^^^^^^
NameError: name 'run_full_pipeline' is not defined
Traceback (most recent call last):
  File "/home/bro/.openclaw/workspace-cheer/evoclaw/cron_runner.py", line 1581, in <module>
    run_full_pipeline()
    ^^^^^^^^^^^^^^^^^
NameError: name 'run_full_pipeline' is not defined
Traceback (most recent call last):
  File "/home/bro/.openclaw/workspace-cheer/evoclaw/cron_runner.py", line 1581, in <module>
    run_full_pipeline()
    ^^^^^^^^^^^^^^^^^
NameError: name 'run_full_pipeline' is not defined
Traceback (most recent call last):
  File "/home/bro/.openclaw/workspace-cheer/evoclaw/cron_runner.py", line 1581, in <module>
    run_full_pipeline()
    ^^^^^^^^^^^^^^^^^
NameError: name 'run_full_pipeline' is not defined
Traceback (most recent call last):
  File "/home/bro/.openclaw/workspace-cheer/evoclaw/cron_runner.py", line 1581, in <module>
    run_full_pipeline()
    ^^^^^^^^^^^^^^^^^
NameError: name 'run_full_pipeline' is not defined
Traceback (most recent call last):
  File "/home/bro/.openclaw/workspace-cheer/evoclaw/cron_runner.py", line 1581, in <module>
    run_full_pipeline()
    ^^^^^^^^^^^^^^^^^
NameError: name 'run_full_pipeline' is not defined

[before_task] 分析任务: cron-learning-cycle...
[RuleEngine] Loaded 23 rules from database (5 groups)
~ runtime before_task skipped: [Errno 2] No such file or directory: '/home/bro/.openclaw/workspace-cheer/memory/significant/significant.jsonl'
~ Reference query skipped: no such column: scope
✓ Hook before_task: cron-learning-cycle (rules=0, candidates=0, memories=0, graph=0)

============================================================
EvoClaw 学习流程 - 2026-03-09 17:40:01.316651
主动学习 (RSS) + 被动学习 (对话)
============================================================

=== 步骤 0: 工作区检查 ===
✓ Workspace: /home/bro/.openclaw/workspace-cheer

=== 步骤 1: 摄取 ===

--- Active Learning: RSS ---
  ✓ RSS: 10 from https://hnrss.org/frontpage...

--- Active Learning: GitHub Trending ---
  ✓ GitHub: 10 repos fetched

[before_task] 分析任务: 测试运行...
~ runtime before_task skipped: [Errno 2] No such file or directory: '/home/bro/.openclaw/workspace-cheer/memory/significant/significant.jsonl'
~ Reference query skipped: no such column: scope
✓ Hook before_task: 测试运行 (rules=0, candidates=0, memories=0, graph=0)
✓ Hook after_task: 测试运行
  ✓ Processed: 测试运行...
  ~ _process_voice_messages error: name 'sqlite3' is not defined

--- Passive Learning: Conversations ---
  - No new conversations

✓ Step 1 complete: 20 new experiences

=== 步骤 2: 反思 ===
Experience source: sqlite
Total: 246 (Active RSS: 110, Passive: 16)
  Routine: 90, Notable: 156
  Insights:
    - 近期 Notable 经验的高频关键词集中在：href, news, ycombinator。
    - 主题重心偏向 ai（156/156），说明关注点正在收敛。
    - 重复关键词模式明显，建议把 href, news, ycombinator 归档为长期关注线索。
✓ Notable (156) >= threshold (2) → Reflection triggered

=== 步骤 2.5: 提取 CANDIDATES ===
  ✓ Extracted 150 new candidates from 156 notable experiences

=== 步骤 3: 提案 ===
✓ Generated 1 proposal(s)

=== 步骤 4: 治理 ===
Governance: autonomous
✓ Approved 1

=== 步骤 5: 应用 ===
No structured proposals to apply
  ✓ Knowledge added: prop-20260309174004991838 -> SQLite
  ✓ Knowledge added: prop-20260309173555480592 -> SQLite
  ✓ Knowledge added: prop-20260309151019645225 -> SQLite
  ✓ Knowledge added: prop-20260309110601374110 -> SQLite
  ✓ Knowledge added: prop-20260309110539801881 -> SQLite
✓ Applied 5 knowledge to SQLite semantic memories

=== 步骤 6: 记录 ===
✓ Logged 5 change(s) to soul_changes

=== 步骤 7: 状态 ===
✓ State: 251 experiences

=== 步骤 8: 通知 ===
✓ Notification logged

=== 步骤 9: 最终检查 ===
✓ Verified

=== 步骤 10: 管道报告 ===
✓ 报告已保存到数据库

============================================================
✓ 完整流程执行完成 (主动 + 被动)
============================================================
✓ Hook after_task: cron-learning-cycle

[before_task] 分析任务: cron-learning-cycle...
[RuleEngine] Loaded 23 rules from database (5 groups)
~ runtime before_task skipped: [Errno 2] No such file or directory: '/home/bro/.openclaw/workspace-cheer/memory/significant/significant.jsonl'
~ Reference query skipped: no such column: scope
✓ Hook before_task: cron-learning-cycle (rules=0, candidates=0, memories=0, graph=0)

============================================================
EvoClaw 学习流程 - 2026-03-09 17:45:01.111602
主动学习 (RSS) + 被动学习 (对话)
============================================================

=== 步骤 0: 工作区检查 ===
✓ Workspace: /home/bro/.openclaw/workspace-cheer

=== 步骤 1: 摄取 ===

--- Active Learning: RSS ---
  ✓ RSS: 10 from https://hnrss.org/frontpage...

--- Active Learning: GitHub Trending ---
  ✓ GitHub: 10 repos fetched

[before_task] 分析任务: 测试运行...
~ runtime before_task skipped: [Errno 2] No such file or directory: '/home/bro/.openclaw/workspace-cheer/memory/significant/significant.jsonl'
~ Reference query skipped: no such column: scope
✓ Hook before_task: 测试运行 (rules=0, candidates=0, memories=0, graph=0)
✓ Hook after_task: 测试运行
  ✓ Processed: 测试运行...
  ~ _process_voice_messages error: name 'sqlite3' is not defined

--- Passive Learning: Conversations ---
  - No new conversations

✓ Step 1 complete: 20 new experiences

=== 步骤 2: 反思 ===
Experience source: sqlite
Total: 272 (Active RSS: 120, Passive: 17)
  Routine: 96, Notable: 176
  Insights:
    - 近期 Notable 经验的高频关键词集中在：href, news, ycombinator。
    - 主题重心偏向 ai（176/176），说明关注点正在收敛。
    - 重复关键词模式明显，建议把 href, news, ycombinator 归档为长期关注线索。
✓ Notable (176) >= threshold (2) → Reflection triggered

=== 步骤 2.5: 提取 CANDIDATES ===
  ✓ Extracted 160 new candidates from 176 notable experiences

=== 步骤 3: 提案 ===
✓ Generated 1 proposal(s)

=== 步骤 4: 治理 ===
Governance: autonomous
✓ Approved 1

=== 步骤 5: 应用 ===
No structured proposals to apply
  ✓ Knowledge added: prop-20260309174505174214 -> SQLite
  ✓ Knowledge added: prop-20260309174004991838 -> SQLite
  ✓ Knowledge added: prop-20260309173555480592 -> SQLite
  ✓ Knowledge added: prop-20260309151019645225 -> SQLite
  ✓ Knowledge added: prop-20260309110601374110 -> SQLite
  ✓ Knowledge added: prop-20260309110539801881 -> SQLite
✓ Applied 6 knowledge to SQLite semantic memories

=== 步骤 6: 记录 ===
✓ Logged 6 change(s) to soul_changes

=== 步骤 7: 状态 ===
✓ State: 278 experiences

=== 步骤 8: 通知 ===
✓ Notification logged

=== 步骤 9: 最终检查 ===
✓ Verified

=== 步骤 10: 管道报告 ===
✓ 报告已保存到数据库

============================================================
✓ 完整流程执行完成 (主动 + 被动)
============================================================
✓ Hook after_task: cron-learning-cycle

[before_task] 分析任务: cron-learning-cycle...
[RuleEngine] Loaded 23 rules from database (5 groups)
~ runtime before_task skipped: [Errno 2] No such file or directory: '/home/bro/.openclaw/workspace-cheer/memory/significant/significant.jsonl'
~ Reference query skipped: no such column: scope
✓ Hook before_task: cron-learning-cycle (rules=0, candidates=0, memories=0, graph=0)

============================================================
EvoClaw 学习流程 - 2026-03-09 17:50:01.331868
主动学习 (RSS) + 被动学习 (对话)
============================================================

=== 步骤 0: 工作区检查 ===
✓ Workspace: /home/bro/.openclaw/workspace-cheer

=== 步骤 1: 摄取 ===

--- Active Learning: RSS ---
  ✓ RSS: 10 from https://hnrss.org/frontpage...

--- Active Learning: GitHub Trending ---
  ✓ GitHub: 10 repos fetched

[before_task] 分析任务: 测试运行...
~ runtime before_task skipped: [Errno 2] No such file or directory: '/home/bro/.openclaw/workspace-cheer/memory/significant/significant.jsonl'
~ Reference query skipped: no such column: scope
✓ Hook before_task: 测试运行 (rules=0, candidates=0, memories=0, graph=0)
✓ Hook after_task: 测试运行
  ✓ Processed: 测试运行...
  ~ _process_voice_messages error: name 'sqlite3' is not defined

--- Passive Learning: Conversations ---
  - No new conversations

✓ Step 1 complete: 20 new experiences

=== 步骤 2: 反思 ===
Experience source: sqlite
Total: 299 (Active RSS: 130, Passive: 18)
  Routine: 102, Notable: 197
  Insights:
    - 近期 Notable 经验的高频关键词集中在：href, news, ycombinator。
    - 主题重心偏向 ai（197/197），说明关注点正在收敛。
    - 重复关键词模式明显，建议把 href, news, ycombinator 归档为长期关注线索。
✓ Notable (197) >= threshold (2) → Reflection triggered

=== 步骤 2.5: 提取 CANDIDATES ===
  ✓ Extracted 182 new candidates from 197 notable experiences

=== 步骤 3: 提案 ===
✓ Generated 1 proposal(s)

=== 步骤 4: 治理 ===
Governance: autonomous
✓ Approved 1

=== 步骤 5: 应用 ===
No structured proposals to apply
  ✓ Knowledge added: prop-20260309175004722927 -> SQLite
  ✓ Knowledge added: prop-20260309174505174214 -> SQLite
  ✓ Knowledge added: prop-20260309174004991838 -> SQLite
  ✓ Knowledge added: prop-20260309173555480592 -> SQLite
  ✓ Knowledge added: prop-20260309151019645225 -> SQLite
  ✓ Knowledge added: prop-20260309110601374110 -> SQLite
  ✓ Knowledge added: prop-20260309110539801881 -> SQLite
✓ Applied 7 knowledge to SQLite semantic memories

=== 步骤 6: 记录 ===
✓ Logged 7 change(s) to soul_changes

=== 步骤 7: 状态 ===
✓ State: 306 experiences

=== 步骤 8: 通知 ===
✓ Notification logged

=== 步骤 9: 最终检查 ===
✓ Verified

=== 步骤 10: 管道报告 ===
✓ 报告已保存到数据库

============================================================
✓ 完整流程执行完成 (主动 + 被动)
============================================================
✓ Hook after_task: cron-learning-cycle

[before_task] 分析任务: cron-learning-cycle...
[RuleEngine] Loaded 23 rules from database (5 groups)
~ runtime before_task skipped: [Errno 2] No such file or directory: '/home/bro/.openclaw/workspace-cheer/memory/significant/significant.jsonl'
~ Reference query skipped: no such column: scope
✓ Hook before_task: cron-learning-cycle (rules=0, candidates=0, memories=0, graph=0)

============================================================
EvoClaw 学习流程 - 2026-03-09 17:55:01.879075
主动学习 (RSS) + 被动学习 (对话)
============================================================

=== 步骤 0: 工作区检查 ===
✓ Workspace: /home/bro/.openclaw/workspace-cheer

=== 步骤 1: 摄取 ===

--- Active Learning: RSS ---
  ✓ RSS: 10 from https://hnrss.org/frontpage...

--- Active Learning: GitHub Trending ---
  ✓ GitHub: 10 repos fetched

[before_task] 分析任务: 测试运行...
~ runtime before_task skipped: [Errno 2] No such file or directory: '/home/bro/.openclaw/workspace-cheer/memory/significant/significant.jsonl'
~ Reference query skipped: no such column: scope
✓ Hook before_task: 测试运行 (rules=0, candidates=0, memories=0, graph=0)
✓ Hook after_task: 测试运行
  ✓ Processed: 测试运行...
  ~ _process_voice_messages error: name 'sqlite3' is not defined

--- Passive Learning: Conversations ---
  - No new conversations

✓ Step 1 complete: 20 new experiences

=== 步骤 2: 反思 ===
Experience source: sqlite
Total: 327 (Active RSS: 140, Passive: 19)
  Routine: 108, Notable: 219
  Insights:
    - 近期 Notable 经验的高频关键词集中在：href, news, ycombinator。
    - 主题重心偏向 ai（219/219），说明关注点正在收敛。
    - 重复关键词模式明显，建议把 href, news, ycombinator 归档为长期关注线索。
✓ Notable (219) >= threshold (2) → Reflection triggered

=== 步骤 2.5: 提取 CANDIDATES ===
  ✓ Extracted 197 new candidates from 219 notable experiences

=== 步骤 3: 提案 ===
✓ Generated 1 proposal(s)

=== 步骤 4: 治理 ===
Governance: autonomous
✓ Approved 1

=== 步骤 5: 应用 ===
No structured proposals to apply
  ✓ Knowledge added: prop-20260309175506031894 -> SQLite
  ✓ Knowledge added: prop-20260309175004722927 -> SQLite
  ✓ Knowledge added: prop-20260309174505174214 -> SQLite
  ✓ Knowledge added: prop-20260309174004991838 -> SQLite
  ✓ Knowledge added: prop-20260309173555480592 -> SQLite
  ✓ Knowledge added: prop-20260309151019645225 -> SQLite
  ✓ Knowledge added: prop-20260309110601374110 -> SQLite
  ✓ Knowledge added: prop-20260309110539801881 -> SQLite
✓ Applied 8 knowledge to SQLite semantic memories

=== 步骤 6: 记录 ===
✓ Logged 8 change(s) to soul_changes

=== 步骤 7: 状态 ===
✓ State: 335 experiences

=== 步骤 8: 通知 ===
✓ Notification logged

=== 步骤 9: 最终检查 ===
✓ Verified

=== 步骤 10: 管道报告 ===
✓ 报告已保存到数据库

============================================================
✓ 完整流程执行完成 (主动 + 被动)
============================================================
✓ Hook after_task: cron-learning-cycle
  File "/home/bro/.openclaw/workspace-cheer/evoclaw/cron_runner.py", line 697
    if new_count > 0:
                     ^
IndentationError: unindent does not match any outer indentation level
Traceback (most recent call last):
  File "/home/bro/.openclaw/workspace-cheer/evoclaw/cron_runner.py", line 1456, in <module>
    run_full_pipeline()
    ^^^^^^^^^^^^^^^^^
NameError: name 'run_full_pipeline' is not defined
Traceback (most recent call last):
  File "/home/bro/.openclaw/workspace-cheer/evoclaw/cron_runner.py", line 1456, in <module>
    run_full_pipeline()
    ^^^^^^^^^^^^^^^^^
NameError: name 'run_full_pipeline' is not defined
Traceback (most recent call last):
  File "/home/bro/.openclaw/workspace-cheer/evoclaw/cron_runner.py", line 1456, in <module>
    run_full_pipeline()
    ^^^^^^^^^^^^^^^^^
NameError: name 'run_full_pipeline' is not defined
Traceback (most recent call last):
  File "/home/bro/.openclaw/workspace-cheer/evoclaw/cron_runner.py", line 1456, in <module>
    run_full_pipeline()
    ^^^^^^^^^^^^^^^^^
NameError: name 'run_full_pipeline' is not defined
Traceback (most recent call last):
  File "/home/bro/.openclaw/workspace-cheer/evoclaw/cron_runner.py", line 1456, in <module>
    run_full_pipeline()
    ^^^^^^^^^^^^^^^^^
NameError: name 'run_full_pipeline' is not defined
Traceback (most recent call last):
  File "/home/bro/.openclaw/workspace-cheer/evoclaw/cron_runner.py", line 1456, in <module>
    run_full_pipeline()
    ^^^^^^^^^^^^^^^^^
NameError: name 'run_full_pipeline' is not defined
Traceback (most recent call last):
  File "/home/bro/.openclaw/workspace-cheer/evoclaw/cron_runner.py", line 1456, in <module>
    run_full_pipeline()
    ^^^^^^^^^^^^^^^^^
NameError: name 'run_full_pipeline' is not defined
Traceback (most recent call last):
  File "/home/bro/.openclaw/workspace-cheer/evoclaw/cron_runner.py", line 1456, in <module>
    run_full_pipeline()
    ^^^^^^^^^^^^^^^^^
NameError: name 'run_full_pipeline' is not defined
Traceback (most recent call last):
  File "/home/bro/.openclaw/workspace-cheer/evoclaw/cron_runner.py", line 1456, in <module>
    run_full_pipeline()
    ^^^^^^^^^^^^^^^^^
NameError: name 'run_full_pipeline' is not defined
Traceback (most recent call last):
  File "/home/bro/.openclaw/workspace-cheer/evoclaw/cron_runner.py", line 1456, in <module>
    run_full_pipeline()
    ^^^^^^^^^^^^^^^^^
NameError: name 'run_full_pipeline' is not defined
Traceback (most recent call last):
  File "/home/bro/.openclaw/workspace-cheer/evoclaw/cron_runner.py", line 1456, in <module>
    run_full_pipeline()
    ^^^^^^^^^^^^^^^^^
NameError: name 'run_full_pipeline' is not defined
Traceback (most recent call last):
  File "/home/bro/.openclaw/workspace-cheer/evoclaw/cron_runner.py", line 1458, in <module>
    run_full_pipeline()
    ^^^^^^^^^^^^^^^^^
NameError: name 'run_full_pipeline' is not defined
Traceback (most recent call last):
  File "/home/bro/.openclaw/workspace-cheer/evoclaw/cron_runner.py", line 1458, in <module>
    run_full_pipeline()
    ^^^^^^^^^^^^^^^^^
NameError: name 'run_full_pipeline' is not defined
Traceback (most recent call last):
  File "/home/bro/.openclaw/workspace-cheer/evoclaw/cron_runner.py", line 1458, in <module>
    run_full_pipeline()
    ^^^^^^^^^^^^^^^^^
NameError: name 'run_full_pipeline' is not defined
Traceback (most recent call last):
  File "/home/bro/.openclaw/workspace-cheer/evoclaw/cron_runner.py", line 1458, in <module>
    run_full_pipeline()
    ^^^^^^^^^^^^^^^^^
NameError: name 'run_full_pipeline' is not defined
Traceback (most recent call last):
  File "/home/bro/.openclaw/workspace-cheer/evoclaw/cron_runner.py", line 1458, in <module>
    run_full_pipeline()
    ^^^^^^^^^^^^^^^^^
NameError: name 'run_full_pipeline' is not defined
Traceback (most recent call last):
  File "/home/bro/.openclaw/workspace-cheer/evoclaw/cron_runner.py", line 1458, in <module>
    run_full_pipeline()
    ^^^^^^^^^^^^^^^^^
NameError: name 'run_full_pipeline' is not defined
Traceback (most recent call last):
  File "/home/bro/.openclaw/workspace-cheer/evoclaw/cron_runner.py", line 1458, in <module>
    run_full_pipeline()
    ^^^^^^^^^^^^^^^^^
NameError: name 'run_full_pipeline' is not defined
Traceback (most recent call last):
  File "/home/bro/.openclaw/workspace-cheer/evoclaw/cron_runner.py", line 1458, in <module>
    run_full_pipeline()
    ^^^^^^^^^^^^^^^^^
NameError: name 'run_full_pipeline' is not defined
Traceback (most recent call last):
  File "/home/bro/.openclaw/workspace-cheer/evoclaw/cron_runner.py", line 1458, in <module>
    run_full_pipeline()
    ^^^^^^^^^^^^^^^^^
NameError: name 'run_full_pipeline' is not defined
Traceback (most recent call last):
  File "/home/bro/.openclaw/workspace-cheer/evoclaw/cron_runner.py", line 1458, in <module>
    run_full_pipeline()
    ^^^^^^^^^^^^^^^^^
NameError: name 'run_full_pipeline' is not defined
Traceback (most recent call last):
  File "/home/bro/.openclaw/workspace-cheer/evoclaw/cron_runner.py", line 1458, in <module>
    run_full_pipeline()
    ^^^^^^^^^^^^^^^^^
NameError: name 'run_full_pipeline' is not defined
Traceback (most recent call last):
  File "/home/bro/.openclaw/workspace-cheer/evoclaw/cron_runner.py", line 1458, in <module>
    run_full_pipeline()
    ^^^^^^^^^^^^^^^^^
NameError: name 'run_full_pipeline' is not defined
Traceback (most recent call last):
  File "/home/bro/.openclaw/workspace-cheer/evoclaw/cron_runner.py", line 1458, in <module>
    run_full_pipeline()
    ^^^^^^^^^^^^^^^^^
NameError: name 'run_full_pipeline' is not defined
  File "/home/bro/.openclaw/workspace-cheer/evoclaw/cron_runner.py", line 712
    continue
IndentationError: unexpected indent
Traceback (most recent call last):
  File "/home/bro/.openclaw/workspace-cheer/evoclaw/cron_runner.py", line 1495, in <module>
    run_full_pipeline()
    ^^^^^^^^^^^^^^^^^
NameError: name 'run_full_pipeline' is not defined
Traceback (most recent call last):
  File "/home/bro/.openclaw/workspace-cheer/evoclaw/cron_runner.py", line 1517, in <module>
    run_full_pipeline()
    ^^^^^^^^^^^^^^^^^
NameError: name 'run_full_pipeline' is not defined
Traceback (most recent call last):
  File "/home/bro/.openclaw/workspace-cheer/evoclaw/cron_runner.py", line 1517, in <module>
    run_full_pipeline()
    ^^^^^^^^^^^^^^^^^
NameError: name 'run_full_pipeline' is not defined
Traceback (most recent call last):
  File "/home/bro/.openclaw/workspace-cheer/evoclaw/cron_runner.py", line 1517, in <module>
    run_full_pipeline()
    ^^^^^^^^^^^^^^^^^
NameError: name 'run_full_pipeline' is not defined
Traceback (most recent call last):
  File "/home/bro/.openclaw/workspace-cheer/evoclaw/cron_runner.py", line 1517, in <module>
    run_full_pipeline()
    ^^^^^^^^^^^^^^^^^
NameError: name 'run_full_pipeline' is not defined
Traceback (most recent call last):
  File "/home/bro/.openclaw/workspace-cheer/evoclaw/cron_runner.py", line 1517, in <module>
    run_full_pipeline()
    ^^^^^^^^^^^^^^^^^
NameError: name 'run_full_pipeline' is not defined
Traceback (most recent call last):
  File "/home/bro/.openclaw/workspace-cheer/evoclaw/cron_runner.py", line 1517, in <module>
    run_full_pipeline()
    ^^^^^^^^^^^^^^^^^
NameError: name 'run_full_pipeline' is not defined
Traceback (most recent call last):
  File "/home/bro/.openclaw/workspace-cheer/evoclaw/cron_runner.py", line 1517, in <module>
    run_full_pipeline()
    ^^^^^^^^^^^^^^^^^
NameError: name 'run_full_pipeline' is not defined
Traceback (most recent call last):
  File "/home/bro/.openclaw/workspace-cheer/evoclaw/cron_runner.py", line 1517, in <module>
    run_full_pipeline()
    ^^^^^^^^^^^^^^^^^
NameError: name 'run_full_pipeline' is not defined
Traceback (most recent call last):
  File "/home/bro/.openclaw/workspace-cheer/evoclaw/cron_runner.py", line 1517, in <module>
    run_full_pipeline()
    ^^^^^^^^^^^^^^^^^
NameError: name 'run_full_pipeline' is not defined
Traceback (most recent call last):
  File "/home/bro/.openclaw/workspace-cheer/evoclaw/cron_runner.py", line 1517, in <module>
    run_full_pipeline()
    ^^^^^^^^^^^^^^^^^
NameError: name 'run_full_pipeline' is not defined
Traceback (most recent call last):
  File "/home/bro/.openclaw/workspace-cheer/evoclaw/cron_runner.py", line 1517, in <module>
    run_full_pipeline()
    ^^^^^^^^^^^^^^^^^
NameError: name 'run_full_pipeline' is not defined
Traceback (most recent call last):
  File "/home/bro/.openclaw/workspace-cheer/evoclaw/cron_runner.py", line 1517, in <module>
    run_full_pipeline()
    ^^^^^^^^^^^^^^^^^
NameError: name 'run_full_pipeline' is not defined
Traceback (most recent call last):
  File "/home/bro/.openclaw/workspace-cheer/evoclaw/cron_runner.py", line 1517, in <module>
    run_full_pipeline()
    ^^^^^^^^^^^^^^^^^
NameError: name 'run_full_pipeline' is not defined
Traceback (most recent call last):
  File "/home/bro/.openclaw/workspace-cheer/evoclaw/cron_runner.py", line 1517, in <module>
    run_full_pipeline()
    ^^^^^^^^^^^^^^^^^
NameError: name 'run_full_pipeline' is not defined
Traceback (most recent call last):
  File "/home/bro/.openclaw/workspace-cheer/evoclaw/cron_runner.py", line 1517, in <module>
    run_full_pipeline()
    ^^^^^^^^^^^^^^^^^
NameError: name 'run_full_pipeline' is not defined
Traceback (most recent call last):
  File "/home/bro/.openclaw/workspace-cheer/evoclaw/cron_runner.py", line 1517, in <module>
    run_full_pipeline()
    ^^^^^^^^^^^^^^^^^
NameError: name 'run_full_pipeline' is not defined
Traceback (most recent call last):
  File "/home/bro/.openclaw/workspace-cheer/evoclaw/cron_runner.py", line 1517, in <module>
    run_full_pipeline()
    ^^^^^^^^^^^^^^^^^
NameError: name 'run_full_pipeline' is not defined
Traceback (most recent call last):
  File "/home/bro/.openclaw/workspace-cheer/evoclaw/cron_runner.py", line 1517, in <module>
    run_full_pipeline()
    ^^^^^^^^^^^^^^^^^
NameError: name 'run_full_pipeline' is not defined
Traceback (most recent call last):
  File "/home/bro/.openclaw/workspace-cheer/evoclaw/cron_runner.py", line 1517, in <module>
    run_full_pipeline()
    ^^^^^^^^^^^^^^^^^
NameError: name 'run_full_pipeline' is not defined
Traceback (most recent call last):
  File "/home/bro/.openclaw/workspace-cheer/evoclaw/cron_runner.py", line 1517, in <module>
    run_full_pipeline()
    ^^^^^^^^^^^^^^^^^
NameError: name 'run_full_pipeline' is not defined
Traceback (most recent call last):
  File "/home/bro/.openclaw/workspace-cheer/evoclaw/cron_runner.py", line 1517, in <module>
    run_full_pipeline()
    ^^^^^^^^^^^^^^^^^
NameError: name 'run_full_pipeline' is not defined
Traceback (most recent call last):
  File "/home/bro/.openclaw/workspace-cheer/evoclaw/cron_runner.py", line 1517, in <module>
    run_full_pipeline()
    ^^^^^^^^^^^^^^^^^
NameError: name 'run_full_pipeline' is not defined
Traceback (most recent call last):
  File "/home/bro/.openclaw/workspace-cheer/evoclaw/cron_runner.py", line 1517, in <module>
    run_full_pipeline()
    ^^^^^^^^^^^^^^^^^
NameError: name 'run_full_pipeline' is not defined
Traceback (most recent call last):
  File "/home/bro/.openclaw/workspace-cheer/evoclaw/cron_runner.py", line 1517, in <module>
    run_full_pipeline()
    ^^^^^^^^^^^^^^^^^
NameError: name 'run_full_pipeline' is not defined
Traceback (most recent call last):
  File "/home/bro/.openclaw/workspace-cheer/evoclaw/cron_runner.py", line 1517, in <module>
    run_full_pipeline()
    ^^^^^^^^^^^^^^^^^
NameError: name 'run_full_pipeline' is not defined
Traceback (most recent call last):
  File "/home/bro/.openclaw/workspace-cheer/evoclaw/cron_runner.py", line 1517, in <module>
    run_full_pipeline()
    ^^^^^^^^^^^^^^^^^
NameError: name 'run_full_pipeline' is not defined
Traceback (most recent call last):
  File "/home/bro/.openclaw/workspace-cheer/evoclaw/cron_runner.py", line 1517, in <module>
    run_full_pipeline()
    ^^^^^^^^^^^^^^^^^
NameError: name 'run_full_pipeline' is not defined
Traceback (most recent call last):
  File "/home/bro/.openclaw/workspace-cheer/evoclaw/cron_runner.py", line 1517, in <module>
    run_full_pipeline()
    ^^^^^^^^^^^^^^^^^
NameError: name 'run_full_pipeline' is not defined
Traceback (most recent call last):
  File "/home/bro/.openclaw/workspace-cheer/evoclaw/cron_runner.py", line 1518, in <module>
    run_full_pipeline()
    ^^^^^^^^^^^^^^^^^
NameError: name 'run_full_pipeline' is not defined
Traceback (most recent call last):
  File "/home/bro/.openclaw/workspace-cheer/evoclaw/cron_runner.py", line 1527, in <module>
    run_full_pipeline()
    ^^^^^^^^^^^^^^^^^
NameError: name 'run_full_pipeline' is not defined
Traceback (most recent call last):
  File "/home/bro/.openclaw/workspace-cheer/evoclaw/cron_runner.py", line 1527, in <module>
    run_full_pipeline()
    ^^^^^^^^^^^^^^^^^
NameError: name 'run_full_pipeline' is not defined
Traceback (most recent call last):
  File "/home/bro/.openclaw/workspace-cheer/evoclaw/cron_runner.py", line 1527, in <module>
    run_full_pipeline()
    ^^^^^^^^^^^^^^^^^
NameError: name 'run_full_pipeline' is not defined
Traceback (most recent call last):
  File "/home/bro/.openclaw/workspace-cheer/evoclaw/cron_runner.py", line 1527, in <module>
    run_full_pipeline()
    ^^^^^^^^^^^^^^^^^
NameError: name 'run_full_pipeline' is not defined
Traceback (most recent call last):
  File "/home/bro/.openclaw/workspace-cheer/evoclaw/cron_runner.py", line 1527, in <module>
    run_full_pipeline()
    ^^^^^^^^^^^^^^^^^
NameError: name 'run_full_pipeline' is not defined
Traceback (most recent call last):
  File "/home/bro/.openclaw/workspace-cheer/evoclaw/cron_runner.py", line 1527, in <module>
    run_full_pipeline()
    ^^^^^^^^^^^^^^^^^
NameError: name 'run_full_pipeline' is not defined
Traceback (most recent call last):
  File "/home/bro/.openclaw/workspace-cheer/evoclaw/cron_runner.py", line 1527, in <module>
    run_full_pipeline()
    ^^^^^^^^^^^^^^^^^
NameError: name 'run_full_pipeline' is not defined
Traceback (most recent call last):
  File "/home/bro/.openclaw/workspace-cheer/evoclaw/cron_runner.py", line 1527, in <module>
    run_full_pipeline()
    ^^^^^^^^^^^^^^^^^
NameError: name 'run_full_pipeline' is not defined
Traceback (most recent call last):
  File "/home/bro/.openclaw/workspace-cheer/evoclaw/cron_runner.py", line 1527, in <module>
    run_full_pipeline()
    ^^^^^^^^^^^^^^^^^
NameError: name 'run_full_pipeline' is not defined
Traceback (most recent call last):
  File "/home/bro/.openclaw/workspace-cheer/evoclaw/cron_runner.py", line 1527, in <module>
    run_full_pipeline()
    ^^^^^^^^^^^^^^^^^
NameError: name 'run_full_pipeline' is not defined
Traceback (most recent call last):
  File "/home/bro/.openclaw/workspace-cheer/evoclaw/cron_runner.py", line 1527, in <module>
    run_full_pipeline()
    ^^^^^^^^^^^^^^^^^
NameError: name 'run_full_pipeline' is not defined
Traceback (most recent call last):
  File "/home/bro/.openclaw/workspace-cheer/evoclaw/cron_runner.py", line 1527, in <module>
    run_full_pipeline()
    ^^^^^^^^^^^^^^^^^
NameError: name 'run_full_pipeline' is not defined
Traceback (most recent call last):
  File "/home/bro/.openclaw/workspace-cheer/evoclaw/cron_runner.py", line 1527, in <module>
    run_full_pipeline()
    ^^^^^^^^^^^^^^^^^
NameError: name 'run_full_pipeline' is not defined
Traceback (most recent call last):
  File "/home/bro/.openclaw/workspace-cheer/evoclaw/cron_runner.py", line 1527, in <module>
    run_full_pipeline()
    ^^^^^^^^^^^^^^^^^
NameError: name 'run_full_pipeline' is not defined
Traceback (most recent call last):
  File "/home/bro/.openclaw/workspace-cheer/evoclaw/cron_runner.py", line 1527, in <module>
    run_full_pipeline()
    ^^^^^^^^^^^^^^^^^
NameError: name 'run_full_pipeline' is not defined
Traceback (most recent call last):
  File "/home/bro/.openclaw/workspace-cheer/evoclaw/cron_runner.py", line 1527, in <module>
    run_full_pipeline()
    ^^^^^^^^^^^^^^^^^
NameError: name 'run_full_pipeline' is not defined
Traceback (most recent call last):
  File "/home/bro/.openclaw/workspace-cheer/evoclaw/cron_runner.py", line 1527, in <module>
    run_full_pipeline()
    ^^^^^^^^^^^^^^^^^
NameError: name 'run_full_pipeline' is not defined
Traceback (most recent call last):
  File "/home/bro/.openclaw/workspace-cheer/evoclaw/cron_runner.py", line 1527, in <module>
    run_full_pipeline()
    ^^^^^^^^^^^^^^^^^
NameError: name 'run_full_pipeline' is not defined
Traceback (most recent call last):
  File "/home/bro/.openclaw/workspace-cheer/evoclaw/cron_runner.py", line 1527, in <module>
    run_full_pipeline()
    ^^^^^^^^^^^^^^^^^
NameError: name 'run_full_pipeline' is not defined
Traceback (most recent call last):
  File "/home/bro/.openclaw/workspace-cheer/evoclaw/cron_runner.py", line 1527, in <module>
    run_full_pipeline()
    ^^^^^^^^^^^^^^^^^
NameError: name 'run_full_pipeline' is not defined
Traceback (most recent call last):
  File "/home/bro/.openclaw/workspace-cheer/evoclaw/cron_runner.py", line 1527, in <module>
    run_full_pipeline()
    ^^^^^^^^^^^^^^^^^
NameError: name 'run_full_pipeline' is not defined
Traceback (most recent call last):
  File "/home/bro/.openclaw/workspace-cheer/evoclaw/cron_runner.py", line 1527, in <module>
    run_full_pipeline()
    ^^^^^^^^^^^^^^^^^
NameError: name 'run_full_pipeline' is not defined
Traceback (most recent call last):
  File "/home/bro/.openclaw/workspace-cheer/evoclaw/cron_runner.py", line 1527, in <module>
    run_full_pipeline()
    ^^^^^^^^^^^^^^^^^
NameError: name 'run_full_pipeline' is not defined
Traceback (most recent call last):
  File "/home/bro/.openclaw/workspace-cheer/evoclaw/cron_runner.py", line 1527, in <module>
    run_full_pipeline()
    ^^^^^^^^^^^^^^^^^
NameError: name 'run_full_pipeline' is not defined
Traceback (most recent call last):
  File "/home/bro/.openclaw/workspace-cheer/evoclaw/cron_runner.py", line 1527, in <module>
    run_full_pipeline()
    ^^^^^^^^^^^^^^^^^
NameError: name 'run_full_pipeline' is not defined
Traceback (most recent call last):
  File "/home/bro/.openclaw/workspace-cheer/evoclaw/cron_runner.py", line 1527, in <module>
    run_full_pipeline()
    ^^^^^^^^^^^^^^^^^
NameError: name 'run_full_pipeline' is not defined
Traceback (most recent call last):
  File "/home/bro/.openclaw/workspace-cheer/evoclaw/cron_runner.py", line 1527, in <module>
    run_full_pipeline()
    ^^^^^^^^^^^^^^^^^
NameError: name 'run_full_pipeline' is not defined
Traceback (most recent call last):
  File "/home/bro/.openclaw/workspace-cheer/evoclaw/cron_runner.py", line 1527, in <module>
    run_full_pipeline()
    ^^^^^^^^^^^^^^^^^
NameError: name 'run_full_pipeline' is not defined
Traceback (most recent call last):
  File "/home/bro/.openclaw/workspace-cheer/evoclaw/cron_runner.py", line 1527, in <module>
    run_full_pipeline()
    ^^^^^^^^^^^^^^^^^
NameError: name 'run_full_pipeline' is not defined
Traceback (most recent call last):
  File "/home/bro/.openclaw/workspace-cheer/evoclaw/cron_runner.py", line 1527, in <module>
    run_full_pipeline()
    ^^^^^^^^^^^^^^^^^
NameError: name 'run_full_pipeline' is not defined
Traceback (most recent call last):
  File "/home/bro/.openclaw/workspace-cheer/evoclaw/cron_runner.py", line 1527, in <module>
    run_full_pipeline()
    ^^^^^^^^^^^^^^^^^
NameError: name 'run_full_pipeline' is not defined
Traceback (most recent call last):
  File "/home/bro/.openclaw/workspace-cheer/evoclaw/cron_runner.py", line 1527, in <module>
    run_full_pipeline()
    ^^^^^^^^^^^^^^^^^
NameError: name 'run_full_pipeline' is not defined
Traceback (most recent call last):
  File "/home/bro/.openclaw/workspace-cheer/evoclaw/cron_runner.py", line 1527, in <module>
    run_full_pipeline()
    ^^^^^^^^^^^^^^^^^
NameError: name 'run_full_pipeline' is not defined
Traceback (most recent call last):
  File "/home/bro/.openclaw/workspace-cheer/evoclaw/cron_runner.py", line 1527, in <module>
    run_full_pipeline()
    ^^^^^^^^^^^^^^^^^
NameError: name 'run_full_pipeline' is not defined
Traceback (most recent call last):
  File "/home/bro/.openclaw/workspace-cheer/evoclaw/cron_runner.py", line 1527, in <module>
    run_full_pipeline()
    ^^^^^^^^^^^^^^^^^
NameError: name 'run_full_pipeline' is not defined
Traceback (most recent call last):
  File "/home/bro/.openclaw/workspace-cheer/evoclaw/cron_runner.py", line 1527, in <module>
    run_full_pipeline()
    ^^^^^^^^^^^^^^^^^
NameError: name 'run_full_pipeline' is not defined
Traceback (most recent call last):
  File "/home/bro/.openclaw/workspace-cheer/evoclaw/cron_runner.py", line 1527, in <module>
    run_full_pipeline()
    ^^^^^^^^^^^^^^^^^
NameError: name 'run_full_pipeline' is not defined
Traceback (most recent call last):
  File "/home/bro/.openclaw/workspace-cheer/evoclaw/cron_runner.py", line 1527, in <module>
    run_full_pipeline()
    ^^^^^^^^^^^^^^^^^
NameError: name 'run_full_pipeline' is not defined
Traceback (most recent call last):
  File "/home/bro/.openclaw/workspace-cheer/evoclaw/cron_runner.py", line 1527, in <module>
    run_full_pipeline()
    ^^^^^^^^^^^^^^^^^
NameError: name 'run_full_pipeline' is not defined
Traceback (most recent call last):
  File "/home/bro/.openclaw/workspace-cheer/evoclaw/cron_runner.py", line 1527, in <module>
    run_full_pipeline()
    ^^^^^^^^^^^^^^^^^
NameError: name 'run_full_pipeline' is not defined
Traceback (most recent call last):
  File "/home/bro/.openclaw/workspace-cheer/evoclaw/cron_runner.py", line 1527, in <module>
    run_full_pipeline()
    ^^^^^^^^^^^^^^^^^
NameError: name 'run_full_pipeline' is not defined
Traceback (most recent call last):
  File "/home/bro/.openclaw/workspace-cheer/evoclaw/cron_runner.py", line 1527, in <module>
    run_full_pipeline()
    ^^^^^^^^^^^^^^^^^
NameError: name 'run_full_pipeline' is not defined
Traceback (most recent call last):
  File "/home/bro/.openclaw/workspace-cheer/evoclaw/cron_runner.py", line 1527, in <module>
    run_full_pipeline()
    ^^^^^^^^^^^^^^^^^
NameError: name 'run_full_pipeline' is not defined
Traceback (most recent call last):
  File "/home/bro/.openclaw/workspace-cheer/evoclaw/cron_runner.py", line 1527, in <module>
    run_full_pipeline()
    ^^^^^^^^^^^^^^^^^
NameError: name 'run_full_pipeline' is not defined
Traceback (most recent call last):
  File "/home/bro/.openclaw/workspace-cheer/evoclaw/cron_runner.py", line 1527, in <module>
    run_full_pipeline()
    ^^^^^^^^^^^^^^^^^
NameError: name 'run_full_pipeline' is not defined
Traceback (most recent call last):
  File "/home/bro/.openclaw/workspace-cheer/evoclaw/cron_runner.py", line 1527, in <module>
    run_full_pipeline()
    ^^^^^^^^^^^^^^^^^
NameError: name 'run_full_pipeline' is not defined
Traceback (most recent call last):
  File "/home/bro/.openclaw/workspace-cheer/evoclaw/cron_runner.py", line 1527, in <module>
    run_full_pipeline()
    ^^^^^^^^^^^^^^^^^
NameError: name 'run_full_pipeline' is not defined
Traceback (most recent call last):
  File "/home/bro/.openclaw/workspace-cheer/evoclaw/cron_runner.py", line 1527, in <module>
    run_full_pipeline()
    ^^^^^^^^^^^^^^^^^
NameError: name 'run_full_pipeline' is not defined
Traceback (most recent call last):
  File "/home/bro/.openclaw/workspace-cheer/evoclaw/cron_runner.py", line 1527, in <module>
    run_full_pipeline()
    ^^^^^^^^^^^^^^^^^
NameError: name 'run_full_pipeline' is not defined
Traceback (most recent call last):
  File "/home/bro/.openclaw/workspace-cheer/evoclaw/cron_runner.py", line 1527, in <module>
    run_full_pipeline()
    ^^^^^^^^^^^^^^^^^
NameError: name 'run_full_pipeline' is not defined
Traceback (most recent call last):
  File "/home/bro/.openclaw/workspace-cheer/evoclaw/cron_runner.py", line 1527, in <module>
    run_full_pipeline()
    ^^^^^^^^^^^^^^^^^
NameError: name 'run_full_pipeline' is not defined
Traceback (most recent call last):
  File "/home/bro/.openclaw/workspace-cheer/evoclaw/cron_runner.py", line 1527, in <module>
    run_full_pipeline()
    ^^^^^^^^^^^^^^^^^
NameError: name 'run_full_pipeline' is not defined
Traceback (most recent call last):
  File "/home/bro/.openclaw/workspace-cheer/evoclaw/cron_runner.py", line 1527, in <module>
    run_full_pipeline()
    ^^^^^^^^^^^^^^^^^
NameError: name 'run_full_pipeline' is not defined
Traceback (most recent call last):
  File "/home/bro/.openclaw/workspace-cheer/evoclaw/cron_runner.py", line 1527, in <module>
    run_full_pipeline()
    ^^^^^^^^^^^^^^^^^
NameError: name 'run_full_pipeline' is not defined
Traceback (most recent call last):
  File "/home/bro/.openclaw/workspace-cheer/evoclaw/cron_runner.py", line 1527, in <module>
    run_full_pipeline()
    ^^^^^^^^^^^^^^^^^
NameError: name 'run_full_pipeline' is not defined
Traceback (most recent call last):
  File "/home/bro/.openclaw/workspace-cheer/evoclaw/cron_runner.py", line 1527, in <module>
    run_full_pipeline()
    ^^^^^^^^^^^^^^^^^
NameError: name 'run_full_pipeline' is not defined
Traceback (most recent call last):
  File "/home/bro/.openclaw/workspace-cheer/evoclaw/cron_runner.py", line 1527, in <module>
    run_full_pipeline()
    ^^^^^^^^^^^^^^^^^
NameError: name 'run_full_pipeline' is not defined
Traceback (most recent call last):
  File "/home/bro/.openclaw/workspace-cheer/evoclaw/cron_runner.py", line 1527, in <module>
    run_full_pipeline()
    ^^^^^^^^^^^^^^^^^
NameError: name 'run_full_pipeline' is not defined
Traceback (most recent call last):
  File "/home/bro/.openclaw/workspace-cheer/evoclaw/cron_runner.py", line 1527, in <module>
    run_full_pipeline()
    ^^^^^^^^^^^^^^^^^
NameError: name 'run_full_pipeline' is not defined
Traceback (most recent call last):
  File "/home/bro/.openclaw/workspace-cheer/evoclaw/cron_runner.py", line 1527, in <module>
    run_full_pipeline()
    ^^^^^^^^^^^^^^^^^
NameError: name 'run_full_pipeline' is not defined
Traceback (most recent call last):
  File "/home/bro/.openclaw/workspace-cheer/evoclaw/cron_runner.py", line 1527, in <module>
    run_full_pipeline()
    ^^^^^^^^^^^^^^^^^
NameError: name 'run_full_pipeline' is not defined
Traceback (most recent call last):
  File "/home/bro/.openclaw/workspace-cheer/evoclaw/cron_runner.py", line 1527, in <module>
    run_full_pipeline()
    ^^^^^^^^^^^^^^^^^
NameError: name 'run_full_pipeline' is not defined
Traceback (most recent call last):
  File "/home/bro/.openclaw/workspace-cheer/evoclaw/cron_runner.py", line 1527, in <module>
    run_full_pipeline()
    ^^^^^^^^^^^^^^^^^
NameError: name 'run_full_pipeline' is not defined
Traceback (most recent call last):
  File "/home/bro/.openclaw/workspace-cheer/evoclaw/cron_runner.py", line 1527, in <module>
    run_full_pipeline()
    ^^^^^^^^^^^^^^^^^
NameError: name 'run_full_pipeline' is not defined
Traceback (most recent call last):
  File "/home/bro/.openclaw/workspace-cheer/evoclaw/cron_runner.py", line 1527, in <module>
    run_full_pipeline()
    ^^^^^^^^^^^^^^^^^
NameError: name 'run_full_pipeline' is not defined
Traceback (most recent call last):
  File "/home/bro/.openclaw/workspace-cheer/evoclaw/cron_runner.py", line 1527, in <module>
    run_full_pipeline()
    ^^^^^^^^^^^^^^^^^
NameError: name 'run_full_pipeline' is not defined
Traceback (most recent call last):
  File "/home/bro/.openclaw/workspace-cheer/evoclaw/cron_runner.py", line 1527, in <module>
    run_full_pipeline()
    ^^^^^^^^^^^^^^^^^
NameError: name 'run_full_pipeline' is not defined
Traceback (most recent call last):
  File "/home/bro/.openclaw/workspace-cheer/evoclaw/cron_runner.py", line 1527, in <module>
    run_full_pipeline()
    ^^^^^^^^^^^^^^^^^
NameError: name 'run_full_pipeline' is not defined
Traceback (most recent call last):
  File "/home/bro/.openclaw/workspace-cheer/evoclaw/cron_runner.py", line 1527, in <module>
    run_full_pipeline()
    ^^^^^^^^^^^^^^^^^
NameError: name 'run_full_pipeline' is not defined
Traceback (most recent call last):
  File "/home/bro/.openclaw/workspace-cheer/evoclaw/cron_runner.py", line 1527, in <module>
    run_full_pipeline()
    ^^^^^^^^^^^^^^^^^
NameError: name 'run_full_pipeline' is not defined
Traceback (most recent call last):
  File "/home/bro/.openclaw/workspace-cheer/evoclaw/cron_runner.py", line 1527, in <module>
    run_full_pipeline()
    ^^^^^^^^^^^^^^^^^
NameError: name 'run_full_pipeline' is not defined
Traceback (most recent call last):
  File "/home/bro/.openclaw/workspace-cheer/evoclaw/cron_runner.py", line 1527, in <module>
    run_full_pipeline()
    ^^^^^^^^^^^^^^^^^
NameError: name 'run_full_pipeline' is not defined
Traceback (most recent call last):
  File "/home/bro/.openclaw/workspace-cheer/evoclaw/cron_runner.py", line 1527, in <module>
    run_full_pipeline()
    ^^^^^^^^^^^^^^^^^
NameError: name 'run_full_pipeline' is not defined
Traceback (most recent call last):
  File "/home/bro/.openclaw/workspace-cheer/evoclaw/cron_runner.py", line 1527, in <module>
    run_full_pipeline()
    ^^^^^^^^^^^^^^^^^
NameError: name 'run_full_pipeline' is not defined
Traceback (most recent call last):
  File "/home/bro/.openclaw/workspace-cheer/evoclaw/cron_runner.py", line 1527, in <module>
    run_full_pipeline()
    ^^^^^^^^^^^^^^^^^
NameError: name 'run_full_pipeline' is not defined
Traceback (most recent call last):
  File "/home/bro/.openclaw/workspace-cheer/evoclaw/cron_runner.py", line 1527, in <module>
    run_full_pipeline()
    ^^^^^^^^^^^^^^^^^
NameError: name 'run_full_pipeline' is not defined
Traceback (most recent call last):
  File "/home/bro/.openclaw/workspace-cheer/evoclaw/cron_runner.py", line 1527, in <module>
    run_full_pipeline()
    ^^^^^^^^^^^^^^^^^
NameError: name 'run_full_pipeline' is not defined
Traceback (most recent call last):
  File "/home/bro/.openclaw/workspace-cheer/evoclaw/cron_runner.py", line 1527, in <module>
    run_full_pipeline()
    ^^^^^^^^^^^^^^^^^
NameError: name 'run_full_pipeline' is not defined
Traceback (most recent call last):
  File "/home/bro/.openclaw/workspace-cheer/evoclaw/cron_runner.py", line 1527, in <module>
    run_full_pipeline()
    ^^^^^^^^^^^^^^^^^
NameError: name 'run_full_pipeline' is not defined
Traceback (most recent call last):
  File "/home/bro/.openclaw/workspace-cheer/evoclaw/cron_runner.py", line 1527, in <module>
    run_full_pipeline()
    ^^^^^^^^^^^^^^^^^
NameError: name 'run_full_pipeline' is not defined
Traceback (most recent call last):
  File "/home/bro/.openclaw/workspace-cheer/evoclaw/cron_runner.py", line 1527, in <module>
    run_full_pipeline()
    ^^^^^^^^^^^^^^^^^
NameError: name 'run_full_pipeline' is not defined
Traceback (most recent call last):
  File "/home/bro/.openclaw/workspace-cheer/evoclaw/cron_runner.py", line 1527, in <module>
    run_full_pipeline()
    ^^^^^^^^^^^^^^^^^
NameError: name 'run_full_pipeline' is not defined
Traceback (most recent call last):
  File "/home/bro/.openclaw/workspace-cheer/evoclaw/cron_runner.py", line 1527, in <module>
    run_full_pipeline()
    ^^^^^^^^^^^^^^^^^
NameError: name 'run_full_pipeline' is not defined
Traceback (most recent call last):
  File "/home/bro/.openclaw/workspace-cheer/evoclaw/cron_runner.py", line 1527, in <module>
    run_full_pipeline()
    ^^^^^^^^^^^^^^^^^
NameError: name 'run_full_pipeline' is not defined
Traceback (most recent call last):
  File "/home/bro/.openclaw/workspace-cheer/evoclaw/cron_runner.py", line 1527, in <module>
    run_full_pipeline()
    ^^^^^^^^^^^^^^^^^
NameError: name 'run_full_pipeline' is not defined
Traceback (most recent call last):
  File "/home/bro/.openclaw/workspace-cheer/evoclaw/cron_runner.py", line 1527, in <module>
    run_full_pipeline()
    ^^^^^^^^^^^^^^^^^
NameError: name 'run_full_pipeline' is not defined
Traceback (most recent call last):
  File "/home/bro/.openclaw/workspace-cheer/evoclaw/cron_runner.py", line 1527, in <module>
    run_full_pipeline()
    ^^^^^^^^^^^^^^^^^
NameError: name 'run_full_pipeline' is not defined
Traceback (most recent call last):
  File "/home/bro/.openclaw/workspace-cheer/evoclaw/cron_runner.py", line 1527, in <module>
    run_full_pipeline()
    ^^^^^^^^^^^^^^^^^
NameError: name 'run_full_pipeline' is not defined
Traceback (most recent call last):
  File "/home/bro/.openclaw/workspace-cheer/evoclaw/cron_runner.py", line 1527, in <module>
    run_full_pipeline()
    ^^^^^^^^^^^^^^^^^
NameError: name 'run_full_pipeline' is not defined
Traceback (most recent call last):
  File "/home/bro/.openclaw/workspace-cheer/evoclaw/cron_runner.py", line 1527, in <module>
    run_full_pipeline()
    ^^^^^^^^^^^^^^^^^
NameError: name 'run_full_pipeline' is not defined
Traceback (most recent call last):
  File "/home/bro/.openclaw/workspace-cheer/evoclaw/cron_runner.py", line 1527, in <module>
    run_full_pipeline()
    ^^^^^^^^^^^^^^^^^
NameError: name 'run_full_pipeline' is not defined
Traceback (most recent call last):
  File "/home/bro/.openclaw/workspace-cheer/evoclaw/cron_runner.py", line 1527, in <module>
    run_full_pipeline()
    ^^^^^^^^^^^^^^^^^
NameError: name 'run_full_pipeline' is not defined
Traceback (most recent call last):
  File "/home/bro/.openclaw/workspace-cheer/evoclaw/cron_runner.py", line 1527, in <module>
    run_full_pipeline()
    ^^^^^^^^^^^^^^^^^
NameError: name 'run_full_pipeline' is not defined
Traceback (most recent call last):
  File "/home/bro/.openclaw/workspace-cheer/evoclaw/cron_runner.py", line 1527, in <module>
    run_full_pipeline()
    ^^^^^^^^^^^^^^^^^
NameError: name 'run_full_pipeline' is not defined
Traceback (most recent call last):
  File "/home/bro/.openclaw/workspace-cheer/evoclaw/cron_runner.py", line 1527, in <module>
    run_full_pipeline()
    ^^^^^^^^^^^^^^^^^
NameError: name 'run_full_pipeline' is not defined
Traceback (most recent call last):
  File "/home/bro/.openclaw/workspace-cheer/evoclaw/cron_runner.py", line 1527, in <module>
    run_full_pipeline()
    ^^^^^^^^^^^^^^^^^
NameError: name 'run_full_pipeline' is not defined
Traceback (most recent call last):
  File "/home/bro/.openclaw/workspace-cheer/evoclaw/cron_runner.py", line 1527, in <module>
    run_full_pipeline()
    ^^^^^^^^^^^^^^^^^
NameError: name 'run_full_pipeline' is not defined
Traceback (most recent call last):
  File "/home/bro/.openclaw/workspace-cheer/evoclaw/cron_runner.py", line 1527, in <module>
    run_full_pipeline()
    ^^^^^^^^^^^^^^^^^
NameError: name 'run_full_pipeline' is not defined
Traceback (most recent call last):
  File "/home/bro/.openclaw/workspace-cheer/evoclaw/cron_runner.py", line 1527, in <module>
    run_full_pipeline()
    ^^^^^^^^^^^^^^^^^
NameError: name 'run_full_pipeline' is not defined
Traceback (most recent call last):
  File "/home/bro/.openclaw/workspace-cheer/evoclaw/cron_runner.py", line 1527, in <module>
    run_full_pipeline()
    ^^^^^^^^^^^^^^^^^
NameError: name 'run_full_pipeline' is not defined
Traceback (most recent call last):
  File "/home/bro/.openclaw/workspace-cheer/evoclaw/cron_runner.py", line 1527, in <module>
    run_full_pipeline()
    ^^^^^^^^^^^^^^^^^
NameError: name 'run_full_pipeline' is not defined
Traceback (most recent call last):
  File "/home/bro/.openclaw/workspace-cheer/evoclaw/cron_runner.py", line 1527, in <module>
    run_full_pipeline()
    ^^^^^^^^^^^^^^^^^
NameError: name 'run_full_pipeline' is not defined
Traceback (most recent call last):
  File "/home/bro/.openclaw/workspace-cheer/evoclaw/cron_runner.py", line 1527, in <module>
    run_full_pipeline()
    ^^^^^^^^^^^^^^^^^
NameError: name 'run_full_pipeline' is not defined
Traceback (most recent call last):
  File "/home/bro/.openclaw/workspace-cheer/evoclaw/cron_runner.py", line 1527, in <module>
    run_full_pipeline()
    ^^^^^^^^^^^^^^^^^
NameError: name 'run_full_pipeline' is not defined
Traceback (most recent call last):
  File "/home/bro/.openclaw/workspace-cheer/evoclaw/cron_runner.py", line 1527, in <module>
    run_full_pipeline()
    ^^^^^^^^^^^^^^^^^
NameError: name 'run_full_pipeline' is not defined
Traceback (most recent call last):
  File "/home/bro/.openclaw/workspace-cheer/evoclaw/cron_runner.py", line 1527, in <module>
    run_full_pipeline()
    ^^^^^^^^^^^^^^^^^
NameError: name 'run_full_pipeline' is not defined
Traceback (most recent call last):
  File "/home/bro/.openclaw/workspace-cheer/evoclaw/cron_runner.py", line 1527, in <module>
    run_full_pipeline()
    ^^^^^^^^^^^^^^^^^
NameError: name 'run_full_pipeline' is not defined
Traceback (most recent call last):
  File "/home/bro/.openclaw/workspace-cheer/evoclaw/cron_runner.py", line 1527, in <module>
    run_full_pipeline()
    ^^^^^^^^^^^^^^^^^
NameError: name 'run_full_pipeline' is not defined
Traceback (most recent call last):
  File "/home/bro/.openclaw/workspace-cheer/evoclaw/cron_runner.py", line 1527, in <module>
    run_full_pipeline()
    ^^^^^^^^^^^^^^^^^
NameError: name 'run_full_pipeline' is not defined
Traceback (most recent call last):
  File "/home/bro/.openclaw/workspace-cheer/evoclaw/cron_runner.py", line 1527, in <module>
    run_full_pipeline()
    ^^^^^^^^^^^^^^^^^
NameError: name 'run_full_pipeline' is not defined
Traceback (most recent call last):
  File "/home/bro/.openclaw/workspace-cheer/evoclaw/cron_runner.py", line 1527, in <module>
    run_full_pipeline()
    ^^^^^^^^^^^^^^^^^
NameError: name 'run_full_pipeline' is not defined
Traceback (most recent call last):
  File "/home/bro/.openclaw/workspace-cheer/evoclaw/cron_runner.py", line 1527, in <module>
    run_full_pipeline()
    ^^^^^^^^^^^^^^^^^
NameError: name 'run_full_pipeline' is not defined
Traceback (most recent call last):
  File "/home/bro/.openclaw/workspace-cheer/evoclaw/cron_runner.py", line 1527, in <module>
    run_full_pipeline()
    ^^^^^^^^^^^^^^^^^
NameError: name 'run_full_pipeline' is not defined
Traceback (most recent call last):
  File "/home/bro/.openclaw/workspace-cheer/evoclaw/cron_runner.py", line 1527, in <module>
    run_full_pipeline()
    ^^^^^^^^^^^^^^^^^
NameError: name 'run_full_pipeline' is not defined
Traceback (most recent call last):
  File "/home/bro/.openclaw/workspace-cheer/evoclaw/cron_runner.py", line 1527, in <module>
    run_full_pipeline()
    ^^^^^^^^^^^^^^^^^
NameError: name 'run_full_pipeline' is not defined
Traceback (most recent call last):
  File "/home/bro/.openclaw/workspace-cheer/evoclaw/cron_runner.py", line 1527, in <module>
    run_full_pipeline()
    ^^^^^^^^^^^^^^^^^
NameError: name 'run_full_pipeline' is not defined
Traceback (most recent call last):
  File "/home/bro/.openclaw/workspace-cheer/evoclaw/cron_runner.py", line 1527, in <module>
    run_full_pipeline()
    ^^^^^^^^^^^^^^^^^
NameError: name 'run_full_pipeline' is not defined
Traceback (most recent call last):
  File "/home/bro/.openclaw/workspace-cheer/evoclaw/cron_runner.py", line 1527, in <module>
    run_full_pipeline()
    ^^^^^^^^^^^^^^^^^
NameError: name 'run_full_pipeline' is not defined
Traceback (most recent call last):
  File "/home/bro/.openclaw/workspace-cheer/evoclaw/cron_runner.py", line 1527, in <module>
    run_full_pipeline()
    ^^^^^^^^^^^^^^^^^
NameError: name 'run_full_pipeline' is not defined
Traceback (most recent call last):
  File "/home/bro/.openclaw/workspace-cheer/evoclaw/cron_runner.py", line 1527, in <module>
    run_full_pipeline()
    ^^^^^^^^^^^^^^^^^
NameError: name 'run_full_pipeline' is not defined
Traceback (most recent call last):
  File "/home/bro/.openclaw/workspace-cheer/evoclaw/cron_runner.py", line 1527, in <module>
    run_full_pipeline()
    ^^^^^^^^^^^^^^^^^
NameError: name 'run_full_pipeline' is not defined
Traceback (most recent call last):
  File "/home/bro/.openclaw/workspace-cheer/evoclaw/cron_runner.py", line 1527, in <module>
    run_full_pipeline()
    ^^^^^^^^^^^^^^^^^
NameError: name 'run_full_pipeline' is not defined
Traceback (most recent call last):
  File "/home/bro/.openclaw/workspace-cheer/evoclaw/cron_runner.py", line 1527, in <module>
    run_full_pipeline()
    ^^^^^^^^^^^^^^^^^
NameError: name 'run_full_pipeline' is not defined
Traceback (most recent call last):
  File "/home/bro/.openclaw/workspace-cheer/evoclaw/cron_runner.py", line 1527, in <module>
    run_full_pipeline()
    ^^^^^^^^^^^^^^^^^
NameError: name 'run_full_pipeline' is not defined
Traceback (most recent call last):
  File "/home/bro/.openclaw/workspace-cheer/evoclaw/cron_runner.py", line 1527, in <module>
    run_full_pipeline()
    ^^^^^^^^^^^^^^^^^
NameError: name 'run_full_pipeline' is not defined
Traceback (most recent call last):
  File "/home/bro/.openclaw/workspace-cheer/evoclaw/cron_runner.py", line 1527, in <module>
    run_full_pipeline()
    ^^^^^^^^^^^^^^^^^
NameError: name 'run_full_pipeline' is not defined
Traceback (most recent call last):
  File "/home/bro/.openclaw/workspace-cheer/evoclaw/cron_runner.py", line 1527, in <module>
    run_full_pipeline()
    ^^^^^^^^^^^^^^^^^
NameError: name 'run_full_pipeline' is not defined
Traceback (most recent call last):
  File "/home/bro/.openclaw/workspace-cheer/evoclaw/cron_runner.py", line 1527, in <module>
    run_full_pipeline()
    ^^^^^^^^^^^^^^^^^
NameError: name 'run_full_pipeline' is not defined
Traceback (most recent call last):
  File "/home/bro/.openclaw/workspace-cheer/evoclaw/cron_runner.py", line 1527, in <module>
    run_full_pipeline()
    ^^^^^^^^^^^^^^^^^
NameError: name 'run_full_pipeline' is not defined
Traceback (most recent call last):
  File "/home/bro/.openclaw/workspace-cheer/evoclaw/cron_runner.py", line 1527, in <module>
    run_full_pipeline()
    ^^^^^^^^^^^^^^^^^
NameError: name 'run_full_pipeline' is not defined
Traceback (most recent call last):
  File "/home/bro/.openclaw/workspace-cheer/evoclaw/cron_runner.py", line 1527, in <module>
    run_full_pipeline()
    ^^^^^^^^^^^^^^^^^
NameError: name 'run_full_pipeline' is not defined
Traceback (most recent call last):
  File "/home/bro/.openclaw/workspace-cheer/evoclaw/cron_runner.py", line 1527, in <module>
    run_full_pipeline()
    ^^^^^^^^^^^^^^^^^
NameError: name 'run_full_pipeline' is not defined
Traceback (most recent call last):
  File "/home/bro/.openclaw/workspace-cheer/evoclaw/cron_runner.py", line 1527, in <module>
    run_full_pipeline()
    ^^^^^^^^^^^^^^^^^
NameError: name 'run_full_pipeline' is not defined
Traceback (most recent call last):
  File "/home/bro/.openclaw/workspace-cheer/evoclaw/cron_runner.py", line 1527, in <module>
    run_full_pipeline()
    ^^^^^^^^^^^^^^^^^
NameError: name 'run_full_pipeline' is not defined
Traceback (most recent call last):
  File "/home/bro/.openclaw/workspace-cheer/evoclaw/cron_runner.py", line 1527, in <module>
    run_full_pipeline()
    ^^^^^^^^^^^^^^^^^
NameError: name 'run_full_pipeline' is not defined
Traceback (most recent call last):
  File "/home/bro/.openclaw/workspace-cheer/evoclaw/cron_runner.py", line 1527, in <module>
    run_full_pipeline()
    ^^^^^^^^^^^^^^^^^
NameError: name 'run_full_pipeline' is not defined
Traceback (most recent call last):
  File "/home/bro/.openclaw/workspace-cheer/evoclaw/cron_runner.py", line 1527, in <module>
    run_full_pipeline()
    ^^^^^^^^^^^^^^^^^
NameError: name 'run_full_pipeline' is not defined
Traceback (most recent call last):
  File "/home/bro/.openclaw/workspace-cheer/evoclaw/cron_runner.py", line 1527, in <module>
    run_full_pipeline()
    ^^^^^^^^^^^^^^^^^
NameError: name 'run_full_pipeline' is not defined
Traceback (most recent call last):
  File "/home/bro/.openclaw/workspace-cheer/evoclaw/cron_runner.py", line 1527, in <module>
    run_full_pipeline()
    ^^^^^^^^^^^^^^^^^
NameError: name 'run_full_pipeline' is not defined
Traceback (most recent call last):
  File "/home/bro/.openclaw/workspace-cheer/evoclaw/cron_runner.py", line 1527, in <module>
    run_full_pipeline()
    ^^^^^^^^^^^^^^^^^
NameError: name 'run_full_pipeline' is not defined
Traceback (most recent call last):
  File "/home/bro/.openclaw/workspace-cheer/evoclaw/cron_runner.py", line 1527, in <module>
    run_full_pipeline()
    ^^^^^^^^^^^^^^^^^
NameError: name 'run_full_pipeline' is not defined
Traceback (most recent call last):
  File "/home/bro/.openclaw/workspace-cheer/evoclaw/cron_runner.py", line 1527, in <module>
    run_full_pipeline()
    ^^^^^^^^^^^^^^^^^
NameError: name 'run_full_pipeline' is not defined
Traceback (most recent call last):
  File "/home/bro/.openclaw/workspace-cheer/evoclaw/cron_runner.py", line 1527, in <module>
    run_full_pipeline()
    ^^^^^^^^^^^^^^^^^
NameError: name 'run_full_pipeline' is not defined
Traceback (most recent call last):
  File "/home/bro/.openclaw/workspace-cheer/evoclaw/cron_runner.py", line 1527, in <module>
    run_full_pipeline()
    ^^^^^^^^^^^^^^^^^
NameError: name 'run_full_pipeline' is not defined
Traceback (most recent call last):
  File "/home/bro/.openclaw/workspace-cheer/evoclaw/cron_runner.py", line 1527, in <module>
    run_full_pipeline()
    ^^^^^^^^^^^^^^^^^
NameError: name 'run_full_pipeline' is not defined
Traceback (most recent call last):
  File "/home/bro/.openclaw/workspace-cheer/evoclaw/cron_runner.py", line 1527, in <module>
    run_full_pipeline()
    ^^^^^^^^^^^^^^^^^
NameError: name 'run_full_pipeline' is not defined
Traceback (most recent call last):
  File "/home/bro/.openclaw/workspace-cheer/evoclaw/cron_runner.py", line 1527, in <module>
    run_full_pipeline()
    ^^^^^^^^^^^^^^^^^
NameError: name 'run_full_pipeline' is not defined
Traceback (most recent call last):
  File "/home/bro/.openclaw/workspace-cheer/evoclaw/cron_runner.py", line 1527, in <module>
    run_full_pipeline()
    ^^^^^^^^^^^^^^^^^
NameError: name 'run_full_pipeline' is not defined
Traceback (most recent call last):
  File "/home/bro/.openclaw/workspace-cheer/evoclaw/cron_runner.py", line 1527, in <module>
    run_full_pipeline()
    ^^^^^^^^^^^^^^^^^
NameError: name 'run_full_pipeline' is not defined
Traceback (most recent call last):
  File "/home/bro/.openclaw/workspace-cheer/evoclaw/cron_runner.py", line 1527, in <module>
    run_full_pipeline()
    ^^^^^^^^^^^^^^^^^
NameError: name 'run_full_pipeline' is not defined
Traceback (most recent call last):
  File "/home/bro/.openclaw/workspace-cheer/evoclaw/cron_runner.py", line 1527, in <module>
    run_full_pipeline()
    ^^^^^^^^^^^^^^^^^
NameError: name 'run_full_pipeline' is not defined
Traceback (most recent call last):
  File "/home/bro/.openclaw/workspace-cheer/evoclaw/cron_runner.py", line 1527, in <module>
    run_full_pipeline()
    ^^^^^^^^^^^^^^^^^
NameError: name 'run_full_pipeline' is not defined
Traceback (most recent call last):
  File "/home/bro/.openclaw/workspace-cheer/evoclaw/cron_runner.py", line 1527, in <module>
    run_full_pipeline()
    ^^^^^^^^^^^^^^^^^
NameError: name 'run_full_pipeline' is not defined
Traceback (most recent call last):
  File "/home/bro/.openclaw/workspace-cheer/evoclaw/cron_runner.py", line 1527, in <module>
    run_full_pipeline()
    ^^^^^^^^^^^^^^^^^
NameError: name 'run_full_pipeline' is not defined
Traceback (most recent call last):
  File "/home/bro/.openclaw/workspace-cheer/evoclaw/cron_runner.py", line 1527, in <module>
    run_full_pipeline()
    ^^^^^^^^^^^^^^^^^
NameError: name 'run_full_pipeline' is not defined
Traceback (most recent call last):
  File "/home/bro/.openclaw/workspace-cheer/evoclaw/cron_runner.py", line 1527, in <module>
    run_full_pipeline()
    ^^^^^^^^^^^^^^^^^
NameError: name 'run_full_pipeline' is not defined
Traceback (most recent call last):
  File "/home/bro/.openclaw/workspace-cheer/evoclaw/cron_runner.py", line 1527, in <module>
    run_full_pipeline()
    ^^^^^^^^^^^^^^^^^
NameError: name 'run_full_pipeline' is not defined
Traceback (most recent call last):
  File "/home/bro/.openclaw/workspace-cheer/evoclaw/cron_runner.py", line 1527, in <module>
    run_full_pipeline()
    ^^^^^^^^^^^^^^^^^
NameError: name 'run_full_pipeline' is not defined
Traceback (most recent call last):
  File "/home/bro/.openclaw/workspace-cheer/evoclaw/cron_runner.py", line 1527, in <module>
    run_full_pipeline()
    ^^^^^^^^^^^^^^^^^
NameError: name 'run_full_pipeline' is not defined
Traceback (most recent call last):
  File "/home/bro/.openclaw/workspace-cheer/evoclaw/cron_runner.py", line 1527, in <module>
    run_full_pipeline()
    ^^^^^^^^^^^^^^^^^
NameError: name 'run_full_pipeline' is not defined
Traceback (most recent call last):
  File "/home/bro/.openclaw/workspace-cheer/evoclaw/cron_runner.py", line 1527, in <module>
    run_full_pipeline()
    ^^^^^^^^^^^^^^^^^
NameError: name 'run_full_pipeline' is not defined
Traceback (most recent call last):
  File "/home/bro/.openclaw/workspace-cheer/evoclaw/cron_runner.py", line 1527, in <module>
    run_full_pipeline()
    ^^^^^^^^^^^^^^^^^
NameError: name 'run_full_pipeline' is not defined
Traceback (most recent call last):
  File "/home/bro/.openclaw/workspace-cheer/evoclaw/cron_runner.py", line 1527, in <module>
    run_full_pipeline()
    ^^^^^^^^^^^^^^^^^
NameError: name 'run_full_pipeline' is not defined
Traceback (most recent call last):
  File "/home/bro/.openclaw/workspace-cheer/evoclaw/cron_runner.py", line 1527, in <module>
    run_full_pipeline()
    ^^^^^^^^^^^^^^^^^
NameError: name 'run_full_pipeline' is not defined
Traceback (most recent call last):
  File "/home/bro/.openclaw/workspace-cheer/evoclaw/cron_runner.py", line 1527, in <module>
    run_full_pipeline()
    ^^^^^^^^^^^^^^^^^
NameError: name 'run_full_pipeline' is not defined
Traceback (most recent call last):
  File "/home/bro/.openclaw/workspace-cheer/evoclaw/cron_runner.py", line 1527, in <module>
    run_full_pipeline()
    ^^^^^^^^^^^^^^^^^
NameError: name 'run_full_pipeline' is not defined
Traceback (most recent call last):
  File "/home/bro/.openclaw/workspace-cheer/evoclaw/cron_runner.py", line 1527, in <module>
    run_full_pipeline()
    ^^^^^^^^^^^^^^^^^
NameError: name 'run_full_pipeline' is not defined
Traceback (most recent call last):
  File "/home/bro/.openclaw/workspace-cheer/evoclaw/cron_runner.py", line 1527, in <module>
    run_full_pipeline()
    ^^^^^^^^^^^^^^^^^
NameError: name 'run_full_pipeline' is not defined
Traceback (most recent call last):
  File "/home/bro/.openclaw/workspace-cheer/evoclaw/cron_runner.py", line 1527, in <module>
    run_full_pipeline()
    ^^^^^^^^^^^^^^^^^
NameError: name 'run_full_pipeline' is not defined
Traceback (most recent call last):
  File "/home/bro/.openclaw/workspace-cheer/evoclaw/cron_runner.py", line 1527, in <module>
    run_full_pipeline()
    ^^^^^^^^^^^^^^^^^
NameError: name 'run_full_pipeline' is not defined
Traceback (most recent call last):
  File "/home/bro/.openclaw/workspace-cheer/evoclaw/cron_runner.py", line 1527, in <module>
    run_full_pipeline()
    ^^^^^^^^^^^^^^^^^
NameError: name 'run_full_pipeline' is not defined
Traceback (most recent call last):
  File "/home/bro/.openclaw/workspace-cheer/evoclaw/cron_runner.py", line 1527, in <module>
    run_full_pipeline()
    ^^^^^^^^^^^^^^^^^
NameError: name 'run_full_pipeline' is not defined
Traceback (most recent call last):
  File "/home/bro/.openclaw/workspace-cheer/evoclaw/cron_runner.py", line 1527, in <module>
    run_full_pipeline()
    ^^^^^^^^^^^^^^^^^
NameError: name 'run_full_pipeline' is not defined
Traceback (most recent call last):
  File "/home/bro/.openclaw/workspace-cheer/evoclaw/cron_runner.py", line 1527, in <module>
    run_full_pipeline()
    ^^^^^^^^^^^^^^^^^
NameError: name 'run_full_pipeline' is not defined
Traceback (most recent call last):
  File "/home/bro/.openclaw/workspace-cheer/evoclaw/cron_runner.py", line 1527, in <module>
    run_full_pipeline()
    ^^^^^^^^^^^^^^^^^
NameError: name 'run_full_pipeline' is not defined
Traceback (most recent call last):
  File "/home/bro/.openclaw/workspace-cheer/evoclaw/cron_runner.py", line 1527, in <module>
    run_full_pipeline()
    ^^^^^^^^^^^^^^^^^
NameError: name 'run_full_pipeline' is not defined
Traceback (most recent call last):
  File "/home/bro/.openclaw/workspace-cheer/evoclaw/cron_runner.py", line 1527, in <module>
    run_full_pipeline()
    ^^^^^^^^^^^^^^^^^
NameError: name 'run_full_pipeline' is not defined
Traceback (most recent call last):
  File "/home/bro/.openclaw/workspace-cheer/evoclaw/cron_runner.py", line 1527, in <module>
    run_full_pipeline()
    ^^^^^^^^^^^^^^^^^
NameError: name 'run_full_pipeline' is not defined
Traceback (most recent call last):
  File "/home/bro/.openclaw/workspace-cheer/evoclaw/cron_runner.py", line 1527, in <module>
    run_full_pipeline()
    ^^^^^^^^^^^^^^^^^
NameError: name 'run_full_pipeline' is not defined
Traceback (most recent call last):
  File "/home/bro/.openclaw/workspace-cheer/evoclaw/cron_runner.py", line 1527, in <module>
    run_full_pipeline()
    ^^^^^^^^^^^^^^^^^
NameError: name 'run_full_pipeline' is not defined
Traceback (most recent call last):
  File "/home/bro/.openclaw/workspace-cheer/evoclaw/cron_runner.py", line 1527, in <module>
    run_full_pipeline()
    ^^^^^^^^^^^^^^^^^
NameError: name 'run_full_pipeline' is not defined
Traceback (most recent call last):
  File "/home/bro/.openclaw/workspace-cheer/evoclaw/cron_runner.py", line 1527, in <module>
    run_full_pipeline()
    ^^^^^^^^^^^^^^^^^
NameError: name 'run_full_pipeline' is not defined
Traceback (most recent call last):
  File "/home/bro/.openclaw/workspace-cheer/evoclaw/cron_runner.py", line 1527, in <module>
    run_full_pipeline()
    ^^^^^^^^^^^^^^^^^
NameError: name 'run_full_pipeline' is not defined
Traceback (most recent call last):
  File "/home/bro/.openclaw/workspace-cheer/evoclaw/cron_runner.py", line 1527, in <module>
    run_full_pipeline()
    ^^^^^^^^^^^^^^^^^
NameError: name 'run_full_pipeline' is not defined
Traceback (most recent call last):
  File "/home/bro/.openclaw/workspace-cheer/evoclaw/cron_runner.py", line 1527, in <module>
    run_full_pipeline()
    ^^^^^^^^^^^^^^^^^
NameError: name 'run_full_pipeline' is not defined
Traceback (most recent call last):
  File "/home/bro/.openclaw/workspace-cheer/evoclaw/cron_runner.py", line 1527, in <module>
    run_full_pipeline()
    ^^^^^^^^^^^^^^^^^
NameError: name 'run_full_pipeline' is not defined
Traceback (most recent call last):
  File "/home/bro/.openclaw/workspace-cheer/evoclaw/cron_runner.py", line 1527, in <module>
    run_full_pipeline()
    ^^^^^^^^^^^^^^^^^
NameError: name 'run_full_pipeline' is not defined
Traceback (most recent call last):
  File "/home/bro/.openclaw/workspace-cheer/evoclaw/cron_runner.py", line 1527, in <module>
    run_full_pipeline()
    ^^^^^^^^^^^^^^^^^
NameError: name 'run_full_pipeline' is not defined
Traceback (most recent call last):
  File "/home/bro/.openclaw/workspace-cheer/evoclaw/cron_runner.py", line 1527, in <module>
    run_full_pipeline()
    ^^^^^^^^^^^^^^^^^
NameError: name 'run_full_pipeline' is not defined
Traceback (most recent call last):
  File "/home/bro/.openclaw/workspace-cheer/evoclaw/cron_runner.py", line 1527, in <module>
    run_full_pipeline()
    ^^^^^^^^^^^^^^^^^
NameError: name 'run_full_pipeline' is not defined
Traceback (most recent call last):
  File "/home/bro/.openclaw/workspace-cheer/evoclaw/cron_runner.py", line 1527, in <module>
    run_full_pipeline()
    ^^^^^^^^^^^^^^^^^
NameError: name 'run_full_pipeline' is not defined
Traceback (most recent call last):
  File "/home/bro/.openclaw/workspace-cheer/evoclaw/cron_runner.py", line 1527, in <module>
    run_full_pipeline()
    ^^^^^^^^^^^^^^^^^
NameError: name 'run_full_pipeline' is not defined
Traceback (most recent call last):
  File "/home/bro/.openclaw/workspace-cheer/evoclaw/cron_runner.py", line 1527, in <module>
    run_full_pipeline()
    ^^^^^^^^^^^^^^^^^
NameError: name 'run_full_pipeline' is not defined
Traceback (most recent call last):
  File "/home/bro/.openclaw/workspace-cheer/evoclaw/cron_runner.py", line 1527, in <module>
    run_full_pipeline()
    ^^^^^^^^^^^^^^^^^
NameError: name 'run_full_pipeline' is not defined
Traceback (most recent call last):
  File "/home/bro/.openclaw/workspace-cheer/evoclaw/cron_runner.py", line 1527, in <module>
    run_full_pipeline()
    ^^^^^^^^^^^^^^^^^
NameError: name 'run_full_pipeline' is not defined
Traceback (most recent call last):
  File "/home/bro/.openclaw/workspace-cheer/evoclaw/cron_runner.py", line 1527, in <module>
    run_full_pipeline()
    ^^^^^^^^^^^^^^^^^
NameError: name 'run_full_pipeline' is not defined
Traceback (most recent call last):
  File "/home/bro/.openclaw/workspace-cheer/evoclaw/cron_runner.py", line 1527, in <module>
    run_full_pipeline()
    ^^^^^^^^^^^^^^^^^
NameError: name 'run_full_pipeline' is not defined
Traceback (most recent call last):
  File "/home/bro/.openclaw/workspace-cheer/evoclaw/cron_runner.py", line 1527, in <module>
    run_full_pipeline()
    ^^^^^^^^^^^^^^^^^
NameError: name 'run_full_pipeline' is not defined
Traceback (most recent call last):
  File "/home/bro/.openclaw/workspace-cheer/evoclaw/cron_runner.py", line 1527, in <module>
    run_full_pipeline()
    ^^^^^^^^^^^^^^^^^
NameError: name 'run_full_pipeline' is not defined
Traceback (most recent call last):
  File "/home/bro/.openclaw/workspace-cheer/evoclaw/cron_runner.py", line 1527, in <module>
    run_full_pipeline()
    ^^^^^^^^^^^^^^^^^
NameError: name 'run_full_pipeline' is not defined
Traceback (most recent call last):
  File "/home/bro/.openclaw/workspace-cheer/evoclaw/cron_runner.py", line 1527, in <module>
    run_full_pipeline()
    ^^^^^^^^^^^^^^^^^
NameError: name 'run_full_pipeline' is not defined
Traceback (most recent call last):
  File "/home/bro/.openclaw/workspace-cheer/evoclaw/cron_runner.py", line 1527, in <module>
    run_full_pipeline()
    ^^^^^^^^^^^^^^^^^
NameError: name 'run_full_pipeline' is not defined
